<?xml version="1.0" encoding="UTF-8"?>
<testng-results ignored="0" total="1" passed="1" failed="0" skipped="0">
  <reporter-output>
  </reporter-output>
  <suite started-at="2022-12-19T17:59:30 IST" name="Default suite" finished-at="2022-12-19T17:59:32 IST" duration-ms="2269">
    <groups>
    </groups>
    <test started-at="2022-12-19T17:59:30 IST" name="Default test" finished-at="2022-12-19T17:59:32 IST" duration-ms="2269">
      <class name="usingDataBase.UsingBaseApiTest">
        <test-method is-config="true" signature="connectionToDb()[pri:0, instance:usingDataBase.UsingBaseApiTest@6da21078]" started-at="2022-12-19T17:59:29 IST" name="connectionToDb" finished-at="2022-12-19T17:59:30 IST" duration-ms="173" status="PASS">
          <reporter-output>
          </reporter-output>
        </test-method> <!-- connectionToDb -->
        <test-method signature="createRequest()[pri:0, instance:usingDataBase.UsingBaseApiTest@6da21078]" started-at="2022-12-19T17:59:30 IST" name="createRequest" finished-at="2022-12-19T17:59:32 IST" duration-ms="2243" status="PASS">
          <reporter-output>
          </reporter-output>
        </test-method> <!-- createRequest -->
        <test-method is-config="true" signature="disconnectToDb()[pri:0, instance:usingDataBase.UsingBaseApiTest@6da21078]" started-at="2022-12-19T17:59:32 IST" name="disconnectToDb" finished-at="2022-12-19T17:59:32 IST" duration-ms="7" status="PASS">
          <reporter-output>
          </reporter-output>
        </test-method> <!-- disconnectToDb -->
      </class> <!-- usingDataBase.UsingBaseApiTest -->
    </test> <!-- Default test -->
  </suite> <!-- Default suite -->
</testng-results>
